<?xml version="1.0" encoding="UTF-8"?>
<coverage generated="1665444235260" clover="3.2.0">
  <project timestamp="1665444235261" name="All files">
    <metrics statements="95" coveredstatements="95" conditionals="9" coveredconditionals="9" methods="4" coveredmethods="4" elements="108" coveredelements="108" complexity="0" loc="95" ncloc="95" packages="1" files="4" classes="4"/>
    <file name="calculateYieldByYear.ts" path="/home/pedro_leonardo_teixeira/pessoal/juros_compostos/src/utils/calculateYieldByYear.ts">
      <metrics statements="72" coveredstatements="72" conditionals="6" coveredconditionals="6" methods="1" coveredmethods="1"/>
      <line num="1" count="1" type="stmt"/>
      <line num="2" count="1" type="stmt"/>
      <line num="3" count="1" type="stmt"/>
      <line num="4" count="1" type="stmt"/>
      <line num="5" count="1" type="stmt"/>
      <line num="6" count="1" type="stmt"/>
      <line num="7" count="1" type="stmt"/>
      <line num="8" count="1" type="stmt"/>
      <line num="9" count="1" type="stmt"/>
      <line num="10" count="1" type="stmt"/>
      <line num="11" count="1" type="stmt"/>
      <line num="12" count="1" type="stmt"/>
      <line num="13" count="1" type="stmt"/>
      <line num="14" count="1" type="stmt"/>
      <line num="15" count="4" type="cond" truecount="1" falsecount="0"/>
      <line num="16" count="4" type="stmt"/>
      <line num="17" count="4" type="stmt"/>
      <line num="18" count="4" type="stmt"/>
      <line num="19" count="4" type="stmt"/>
      <line num="20" count="4" type="stmt"/>
      <line num="21" count="4" type="stmt"/>
      <line num="22" count="4" type="stmt"/>
      <line num="23" count="4" type="stmt"/>
      <line num="24" count="4" type="stmt"/>
      <line num="25" count="4" type="stmt"/>
      <line num="26" count="4" type="stmt"/>
      <line num="27" count="4" type="stmt"/>
      <line num="28" count="4" type="cond" truecount="2" falsecount="0"/>
      <line num="29" count="4" type="stmt"/>
      <line num="30" count="4" type="stmt"/>
      <line num="31" count="4" type="cond" truecount="1" falsecount="0"/>
      <line num="32" count="4" type="cond" truecount="1" falsecount="0"/>
      <line num="33" count="4" type="stmt"/>
      <line num="34" count="4" type="stmt"/>
      <line num="35" count="4" type="stmt"/>
      <line num="36" count="4" type="stmt"/>
      <line num="37" count="4" type="stmt"/>
      <line num="38" count="4" type="stmt"/>
      <line num="39" count="4" type="stmt"/>
      <line num="40" count="4" type="stmt"/>
      <line num="41" count="4" type="stmt"/>
      <line num="42" count="4" type="stmt"/>
      <line num="43" count="4" type="stmt"/>
      <line num="44" count="4" type="stmt"/>
      <line num="45" count="4" type="stmt"/>
      <line num="46" count="4" type="stmt"/>
      <line num="47" count="4" type="cond" truecount="1" falsecount="0"/>
      <line num="48" count="96" type="stmt"/>
      <line num="49" count="96" type="stmt"/>
      <line num="50" count="96" type="stmt"/>
      <line num="51" count="96" type="stmt"/>
      <line num="52" count="96" type="stmt"/>
      <line num="53" count="96" type="stmt"/>
      <line num="54" count="96" type="stmt"/>
      <line num="55" count="96" type="stmt"/>
      <line num="56" count="96" type="stmt"/>
      <line num="57" count="96" type="stmt"/>
      <line num="58" count="96" type="stmt"/>
      <line num="59" count="96" type="stmt"/>
      <line num="60" count="96" type="stmt"/>
      <line num="61" count="96" type="stmt"/>
      <line num="62" count="4" type="stmt"/>
      <line num="63" count="4" type="stmt"/>
      <line num="64" count="4" type="stmt"/>
      <line num="65" count="4" type="stmt"/>
      <line num="66" count="4" type="stmt"/>
      <line num="67" count="4" type="stmt"/>
      <line num="68" count="4" type="stmt"/>
      <line num="69" count="4" type="stmt"/>
      <line num="70" count="4" type="stmt"/>
      <line num="71" count="4" type="stmt"/>
      <line num="72" count="4" type="stmt"/>
    </file>
    <file name="convertYearRateToMonthly.ts" path="/home/pedro_leonardo_teixeira/pessoal/juros_compostos/src/utils/convertYearRateToMonthly.ts">
      <metrics statements="3" coveredstatements="3" conditionals="1" coveredconditionals="1" methods="1" coveredmethods="1"/>
      <line num="1" count="3" type="cond" truecount="1" falsecount="0"/>
      <line num="2" count="3" type="stmt"/>
      <line num="3" count="3" type="stmt"/>
    </file>
    <file name="formatCurrencyToNumber.ts" path="/home/pedro_leonardo_teixeira/pessoal/juros_compostos/src/utils/formatCurrencyToNumber.ts">
      <metrics statements="9" coveredstatements="9" conditionals="1" coveredconditionals="1" methods="1" coveredmethods="1"/>
      <line num="1" count="1" type="stmt"/>
      <line num="2" count="1" type="stmt"/>
      <line num="3" count="13" type="cond" truecount="1" falsecount="0"/>
      <line num="4" count="13" type="stmt"/>
      <line num="5" count="13" type="stmt"/>
      <line num="6" count="13" type="stmt"/>
      <line num="7" count="13" type="stmt"/>
      <line num="8" count="13" type="stmt"/>
      <line num="9" count="13" type="stmt"/>
    </file>
    <file name="formatStringToCurrency.ts" path="/home/pedro_leonardo_teixeira/pessoal/juros_compostos/src/utils/formatStringToCurrency.ts">
      <metrics statements="11" coveredstatements="11" conditionals="1" coveredconditionals="1" methods="1" coveredmethods="1"/>
      <line num="1" count="1" type="stmt"/>
      <line num="2" count="1" type="stmt"/>
      <line num="3" count="301" type="cond" truecount="1" falsecount="0"/>
      <line num="4" count="301" type="stmt"/>
      <line num="5" count="301" type="stmt"/>
      <line num="6" count="301" type="stmt"/>
      <line num="7" count="301" type="stmt"/>
      <line num="8" count="301" type="stmt"/>
      <line num="9" count="301" type="stmt"/>
      <line num="10" count="301" type="stmt"/>
      <line num="11" count="301" type="stmt"/>
    </file>
  </project>
</coverage>
