TN:
SF:src/App.tsx
FN:6,App
FNF:1
FNH:1
FNDA:6,App
DA:1,1
DA:2,1
DA:3,1
DA:4,1
DA:5,1
DA:6,6
DA:7,6
DA:8,6
DA:9,6
DA:10,6
DA:11,6
DA:12,6
DA:13,6
DA:14,6
DA:15,6
DA:16,6
DA:17,6
DA:18,6
DA:19,5
DA:20,5
DA:21,5
DA:22,5
DA:23,6
DA:24,1
DA:25,6
DA:26,6
DA:27,6
DA:28,6
DA:29,1
DA:30,1
LF:30
LH:30
BRDA:6,0,0,6
BRDA:18,1,0,5
BRDA:23,2,0,1
BRF:3
BRH:3
end_of_record
TN:
SF:src/components/Dashboard.tsx
FN:4,Dashboard
FNF:1
FNH:1
FNDA:1,Dashboard
DA:1,1
DA:2,1
DA:3,1
DA:4,1
DA:5,1
DA:6,1
DA:7,1
DA:8,1
DA:9,1
DA:10,1
DA:11,1
DA:12,1
DA:13,1
DA:14,1
DA:15,1
DA:16,1
DA:17,1
DA:18,1
DA:19,1
DA:20,1
DA:21,1
DA:22,1
DA:23,1
DA:24,1
DA:25,1
DA:26,1
DA:27,1
DA:28,1
DA:29,1
DA:30,1
DA:31,1
DA:32,1
DA:33,1
DA:34,1
DA:35,1
DA:36,1
DA:37,1
DA:38,1
DA:39,1
DA:40,1
DA:41,1
DA:42,24
DA:43,24
DA:44,24
DA:45,24
DA:46,24
DA:47,24
DA:48,24
DA:49,24
DA:50,24
DA:51,24
DA:52,24
DA:53,24
DA:54,24
DA:55,24
DA:56,24
DA:57,24
DA:58,24
DA:59,24
DA:60,24
DA:61,24
DA:62,24
DA:63,24
DA:64,24
DA:65,24
DA:66,24
DA:67,24
DA:68,24
DA:69,24
DA:70,24
DA:71,24
DA:72,24
DA:73,24
DA:74,24
DA:75,24
DA:76,24
DA:77,24
DA:78,1
DA:79,1
DA:80,1
DA:81,1
DA:82,1
LF:82
LH:82
BRDA:4,0,0,1
BRDA:41,1,0,24
BRF:2
BRH:2
end_of_record
TN:
SF:src/components/Painel.tsx
FN:13,Painel
FN:27,handleClickToCalculate
FN:41,clearInputs
FN:58,onChange
FN:67,onChange
FN:77,onChange
FN:84,onChange
FN:92,onClick
FN:101,onClick
FNF:9
FNH:9
FNDA:62,Painel
FNDA:1,handleClickToCalculate
FNDA:1,clearInputs
FNDA:24,onChange
FNDA:24,onChange
FNDA:12,onChange
FNDA:6,onChange
FNDA:1,onClick
FNDA:1,onClick
DA:1,1
DA:2,1
DA:3,1
DA:4,1
DA:5,1
DA:6,1
DA:7,1
DA:8,1
DA:9,1
DA:10,1
DA:11,1
DA:12,1
DA:13,62
DA:14,62
DA:15,62
DA:16,62
DA:17,62
DA:18,62
DA:19,62
DA:20,62
DA:21,62
DA:22,62
DA:23,62
DA:24,62
DA:25,62
DA:26,62
DA:27,62
DA:28,1
DA:29,1
DA:30,1
DA:31,1
DA:32,1
DA:33,1
DA:34,1
DA:35,1
DA:36,1
DA:37,1
DA:38,1
DA:39,1
DA:40,62
DA:41,62
DA:42,1
DA:43,1
DA:44,1
DA:45,1
DA:46,1
DA:47,62
DA:48,62
DA:49,62
DA:50,62
DA:51,62
DA:52,62
DA:53,62
DA:54,62
DA:55,62
DA:56,62
DA:57,62
DA:58,62
DA:59,24
DA:60,62
DA:61,62
DA:62,62
DA:63,62
DA:64,62
DA:65,62
DA:66,62
DA:67,62
DA:68,24
DA:69,62
DA:70,62
DA:71,62
DA:72,62
DA:73,62
DA:74,62
DA:75,62
DA:76,62
DA:77,62
DA:78,62
DA:79,62
DA:80,62
DA:81,62
DA:82,62
DA:83,62
DA:84,62
DA:85,62
DA:86,62
DA:87,62
DA:88,62
DA:89,62
DA:90,62
DA:91,62
DA:92,62
DA:93,62
DA:94,62
DA:95,62
DA:96,62
DA:97,62
DA:98,62
DA:99,62
DA:100,62
DA:101,62
DA:102,62
DA:103,62
DA:104,62
DA:105,62
DA:106,62
DA:107,62
DA:108,62
LF:108
LH:108
BRDA:13,0,0,62
BRDA:93,1,0,47
BRDA:27,2,0,1
BRDA:41,3,0,1
BRDA:58,4,0,24
BRDA:67,5,0,24
BRDA:77,6,0,12
BRDA:84,7,0,6
BRDA:92,8,0,1
BRDA:101,9,0,1
BRF:10
BRH:10
end_of_record
TN:
SF:src/components/PainelCard.tsx
FN:5,PainelCard
FNF:1
FNH:1
FNDA:63,PainelCard
DA:1,1
DA:2,1
DA:3,1
DA:4,1
DA:5,63
DA:6,63
DA:7,63
DA:8,63
DA:9,63
DA:10,63
DA:11,63
DA:12,63
DA:13,63
DA:14,63
LF:14
LH:14
BRDA:5,0,0,63
BRF:1
BRH:1
end_of_record
TN:
SF:src/components/PeriodByButtom.tsx
FN:5,PeriodByButton
FN:17,onValueChange
FNF:2
FNH:1
FNDA:124,PeriodByButton
FNDA:0,onValueChange
DA:1,1
DA:2,1
DA:3,1
DA:4,1
DA:5,1
DA:6,124
DA:7,124
DA:8,124
DA:9,124
DA:10,124
DA:11,10
DA:12,124
DA:13,124
DA:14,124
DA:15,124
DA:16,124
DA:17,124
DA:18,0
DA:19,124
DA:20,124
DA:21,124
DA:22,124
DA:23,124
DA:24,124
DA:25,124
DA:26,124
DA:27,124
DA:28,124
DA:29,124
DA:30,124
DA:31,124
DA:32,124
DA:33,124
DA:34,124
DA:35,248
DA:36,248
DA:37,248
DA:38,248
DA:39,248
DA:40,248
DA:41,248
DA:42,248
DA:43,124
DA:44,124
DA:45,124
DA:46,124
DA:47,124
DA:48,124
DA:49,124
LF:49
LH:48
BRDA:5,0,0,124
BRDA:10,1,0,10
BRDA:34,2,0,248
BRF:3
BRH:3
end_of_record
TN:
SF:src/components/Section.tsx
FN:11,Adornment
FN:27,Section
FNF:2
FNH:2
FNDA:310,Adornment
FNDA:248,Section
DA:1,1
DA:2,1
DA:3,1
DA:4,1
DA:5,1
DA:6,1
DA:7,1
DA:8,1
DA:9,1
DA:10,1
DA:11,310
DA:12,310
DA:13,310
DA:14,310
DA:15,310
DA:16,310
DA:17,310
DA:18,310
DA:19,310
DA:20,310
DA:21,310
DA:22,310
DA:23,310
DA:24,310
DA:25,310
DA:26,1
DA:27,248
DA:28,248
DA:29,248
DA:30,248
DA:31,248
DA:32,248
DA:33,248
DA:34,248
DA:35,248
DA:36,248
DA:37,248
DA:38,248
DA:39,248
DA:40,248
DA:41,248
DA:42,186
DA:43,248
DA:44,248
DA:45,248
DA:46,248
DA:47,248
DA:48,248
DA:49,248
DA:50,248
DA:51,248
DA:52,248
DA:53,248
DA:54,248
DA:55,248
DA:56,248
DA:57,248
DA:58,248
DA:59,124
DA:60,248
DA:61,248
DA:62,248
DA:63,248
DA:64,248
LF:64
LH:64
BRDA:11,0,0,310
BRDA:27,1,0,248
BRDA:41,2,0,186
BRDA:43,3,0,62
BRDA:50,4,0,186
BRDA:50,5,0,124
BRDA:50,6,0,124
BRDA:51,7,0,124
BRDA:51,8,0,62
BRDA:51,9,0,186
BRDA:52,10,0,186
BRDA:52,11,0,62
BRDA:52,12,0,186
BRDA:53,13,0,62
BRDA:53,14,0,0
BRDA:58,15,0,124
BRDA:60,16,0,124
BRF:17
BRH:16
end_of_record
TN:
SF:src/utils/calculateYieldByYear.ts
FN:15,calculateYieldByYear
FNF:1
FNH:1
FNDA:5,calculateYieldByYear
DA:1,1
DA:2,1
DA:3,1
DA:4,1
DA:5,1
DA:6,1
DA:7,1
DA:8,1
DA:9,1
DA:10,1
DA:11,1
DA:12,1
DA:13,1
DA:14,1
DA:15,5
DA:16,5
DA:17,5
DA:18,5
DA:19,5
DA:20,5
DA:21,5
DA:22,5
DA:23,5
DA:24,5
DA:25,5
DA:26,5
DA:27,5
DA:28,5
DA:29,5
DA:30,5
DA:31,5
DA:32,5
DA:33,5
DA:34,5
DA:35,5
DA:36,5
DA:37,5
DA:38,5
DA:39,5
DA:40,5
DA:41,5
DA:42,5
DA:43,5
DA:44,5
DA:45,5
DA:46,5
DA:47,5
DA:48,120
DA:49,120
DA:50,120
DA:51,120
DA:52,120
DA:53,120
DA:54,120
DA:55,120
DA:56,120
DA:57,120
DA:58,120
DA:59,120
DA:60,120
DA:61,120
DA:62,5
DA:63,5
DA:64,5
DA:65,5
DA:66,5
DA:67,5
DA:68,5
DA:69,5
DA:70,5
DA:71,5
DA:72,5
LF:72
LH:72
BRDA:15,0,0,5
BRDA:28,1,0,4
BRDA:28,2,0,1
BRDA:31,3,0,3
BRDA:32,4,0,2
BRDA:47,5,0,120
BRF:6
BRH:6
end_of_record
TN:
SF:src/utils/convertYearRateToMonthly.ts
FN:1,convertYearRateToMonthly
FNF:1
FNH:1
FNDA:4,convertYearRateToMonthly
DA:1,4
DA:2,4
DA:3,4
LF:3
LH:3
BRDA:1,0,0,4
BRF:1
BRH:1
end_of_record
TN:
SF:src/utils/formatCurrencyToNumber.ts
FN:1,formatCurrencyToNumber
FNF:1
FNH:1
FNDA:78,formatCurrencyToNumber
DA:1,78
DA:2,78
DA:3,78
DA:4,78
DA:5,78
DA:6,78
DA:7,78
LF:7
LH:7
BRDA:1,0,0,78
BRF:1
BRH:1
end_of_record
TN:
SF:src/utils/formatStringToCurrency.ts
FN:3,formatStringToCurrency
FNF:1
FNH:1
FNDA:436,formatStringToCurrency
DA:1,1
DA:2,1
DA:3,436
DA:4,436
DA:5,436
DA:6,436
DA:7,436
DA:8,436
DA:9,436
DA:10,436
DA:11,436
LF:11
LH:11
BRDA:3,0,0,436
BRF:1
BRH:1
end_of_record
