TN:
SF:src/utils/calculateYieldByYear.ts
FN:15,calculateYieldByYear
FNF:1
FNH:1
FNDA:4,calculateYieldByYear
DA:1,1
DA:2,1
DA:3,1
DA:4,1
DA:5,1
DA:6,1
DA:7,1
DA:8,1
DA:9,1
DA:10,1
DA:11,1
DA:12,1
DA:13,1
DA:14,1
DA:15,4
DA:16,4
DA:17,4
DA:18,4
DA:19,4
DA:20,4
DA:21,4
DA:22,4
DA:23,4
DA:24,4
DA:25,4
DA:26,4
DA:27,4
DA:28,4
DA:29,4
DA:30,4
DA:31,4
DA:32,4
DA:33,4
DA:34,4
DA:35,4
DA:36,4
DA:37,4
DA:38,4
DA:39,4
DA:40,4
DA:41,4
DA:42,4
DA:43,4
DA:44,4
DA:45,4
DA:46,4
DA:47,4
DA:48,96
DA:49,96
DA:50,96
DA:51,96
DA:52,96
DA:53,96
DA:54,96
DA:55,96
DA:56,96
DA:57,96
DA:58,96
DA:59,96
DA:60,96
DA:61,96
DA:62,4
DA:63,4
DA:64,4
DA:65,4
DA:66,4
DA:67,4
DA:68,4
DA:69,4
DA:70,4
DA:71,4
DA:72,4
LF:72
LH:72
BRDA:15,0,0,4
BRDA:28,1,0,3
BRDA:28,2,0,1
BRDA:31,3,0,2
BRDA:32,4,0,2
BRDA:47,5,0,96
BRF:6
BRH:6
end_of_record
TN:
SF:src/utils/convertYearRateToMonthly.ts
FN:1,convertYearRateToMonthly
FNF:1
FNH:1
FNDA:3,convertYearRateToMonthly
DA:1,3
DA:2,3
DA:3,3
LF:3
LH:3
BRDA:1,0,0,3
BRF:1
BRH:1
end_of_record
TN:
SF:src/utils/formatCurrencyToNumber.ts
FN:3,formatCurrencyToNumber
FNF:1
FNH:1
FNDA:13,formatCurrencyToNumber
DA:1,1
DA:2,1
DA:3,13
DA:4,13
DA:5,13
DA:6,13
DA:7,13
DA:8,13
DA:9,13
LF:9
LH:9
BRDA:3,0,0,13
BRF:1
BRH:1
end_of_record
TN:
SF:src/utils/formatStringToCurrency.ts
FN:3,formatStringToCurrency
FNF:1
FNH:1
FNDA:301,formatStringToCurrency
DA:1,1
DA:2,1
DA:3,301
DA:4,301
DA:5,301
DA:6,301
DA:7,301
DA:8,301
DA:9,301
DA:10,301
DA:11,301
LF:11
LH:11
BRDA:3,0,0,301
BRF:1
BRH:1
end_of_record
